This file contains any messages produced by compilers while
running configure, to aid debugging if configure makes a mistake.

It was created by bin/PopLDdecay configure 3.31, which was
generated by GNU Autoconf 2.69.  Invocation command line was

  $ ./configure --no-create --no-recursion

## --------- ##
## Platform. ##
## --------- ##

hostname = node1
uname -m = x86_64
uname -r = 5.14.0-472.el9.x86_64
uname -s = Linux
uname -v = #1 SMP PREEMPT_DYNAMIC Thu Jun 27 20:15:53 UTC 2024

/usr/bin/uname -p = x86_64
/bin/uname -X     = unknown

/bin/arch              = x86_64
/usr/bin/arch -k       = unknown
/usr/convex/getsysinfo = unknown
/usr/bin/hostinfo      = unknown
/bin/machine           = unknown
/usr/bin/oslevel       = unknown
/bin/universe          = unknown

PATH: /home/heweiming/01.Soft/Miniconda3/bin
PATH: /home/heweiming/01.Soft/Miniconda3/condabin
PATH: /home/heweiming/.local/bin
PATH: /home/heweiming/bin
PATH: /usr/local/bin
PATH: /usr/bin
PATH: /usr/local/sbin
PATH: /usr/sbin


## ----------- ##
## Core tests. ##
## ----------- ##

configure:2241: checking for a BSD-compatible install
configure:2309: result: /usr/bin/install -c
configure:2320: checking whether build environment is sane
configure:2370: result: yes
configure:2511: checking for a thread-safe mkdir -p
configure:2550: result: /usr/bin/mkdir -p
configure:2563: checking for gawk
configure:2579: found /usr/bin/gawk
configure:2590: result: gawk
configure:2601: checking whether make sets $(MAKE)
configure:2623: result: yes
configure:2711: checking for gawk
configure:2738: result: gawk
configure:2807: checking for g++
configure:2823: found /usr/bin/g++
configure:2834: result: g++
configure:2861: checking for C++ compiler version
configure:2870: g++ --version >&5
g++ (GCC) 11.4.1 20231218 (Red Hat 11.4.1-3)
Copyright (C) 2021 Free Software Foundation, Inc.
This is free software; see the source for copying conditions.  There is NO
warranty; not even for MERCHANTABILITY or FITNESS FOR A PARTICULAR PURPOSE.

configure:2881: $? = 0
configure:2870: g++ -v >&5
Using built-in specs.
COLLECT_GCC=g++
COLLECT_LTO_WRAPPER=/usr/libexec/gcc/x86_64-redhat-linux/11/lto-wrapper
OFFLOAD_TARGET_NAMES=nvptx-none
OFFLOAD_TARGET_DEFAULT=1
Target: x86_64-redhat-linux
Configured with: ../configure --enable-bootstrap --enable-host-pie --enable-host-bind-now --enable-languages=c,c++,fortran,lto --prefix=/usr --mandir=/usr/share/man --infodir=/usr/share/info --with-bugurl=http://bugzilla.redhat.com/bugzilla --enable-shared --enable-threads=posix --enable-checking=release --with-system-zlib --enable-__cxa_atexit --disable-libunwind-exceptions --enable-gnu-unique-object --enable-linker-build-id --with-gcc-major-version-only --enable-plugin --enable-initfini-array --without-isl --enable-multilib --with-linker-hash-style=gnu --enable-offload-targets=nvptx-none --without-cuda-driver --enable-gnu-indirect-function --enable-cet --with-tune=generic --with-arch_64=x86-64-v2 --with-arch_32=x86-64 --build=x86_64-redhat-linux --with-build-config=bootstrap-lto --enable-link-serialization=1
Thread model: posix
Supported LTO compression algorithms: zlib zstd
gcc version 11.4.1 20231218 (Red Hat 11.4.1-3) (GCC) 
... rest of stderr output deleted ...
configure:2881: $? = 0
configure:2870: g++ -V >&5
g++: error: unrecognized command-line option '-V'
g++: fatal error: no input files
compilation terminated.
configure:2881: $? = 1
configure:2870: g++ -qversion >&5
g++: error: unrecognized command-line option '-qversion'; did you mean '--version'?
g++: fatal error: no input files
compilation terminated.
configure:2881: $? = 1
configure:2901: checking whether the C++ compiler works
configure:2923: g++    conftest.cpp  >&5
configure:2927: $? = 0
configure:2975: result: yes
configure:2978: checking for C++ compiler default output file name
configure:2980: result: a.out
configure:2986: checking for suffix of executables
configure:2993: g++ -o conftest    conftest.cpp  >&5
configure:2997: $? = 0
configure:3019: result: 
configure:3041: checking whether we are cross compiling
configure:3049: g++ -o conftest    conftest.cpp  >&5
configure:3053: $? = 0
configure:3060: ./conftest
configure:3064: $? = 0
configure:3079: result: no
configure:3084: checking for suffix of object files
configure:3106: g++ -c   conftest.cpp >&5
configure:3110: $? = 0
configure:3131: result: o
configure:3135: checking whether we are using the GNU C++ compiler
configure:3154: g++ -c   conftest.cpp >&5
configure:3154: $? = 0
configure:3163: result: yes
configure:3172: checking whether g++ accepts -g
configure:3192: g++ -c -g  conftest.cpp >&5
configure:3192: $? = 0
configure:3233: result: yes
configure:3267: checking for style of include used by make
configure:3295: result: GNU
configure:3320: checking dependency style of g++
configure:3430: result: gcc3
configure:3499: checking for gcc
configure:3515: found /usr/bin/gcc
configure:3526: result: gcc
configure:3557: checking for C compiler version
configure:3566: gcc --version >&5
gcc (GCC) 11.4.1 20231218 (Red Hat 11.4.1-3)
Copyright (C) 2021 Free Software Foundation, Inc.
This is free software; see the source for copying conditions.  There is NO
warranty; not even for MERCHANTABILITY or FITNESS FOR A PARTICULAR PURPOSE.

configure:3577: $? = 0
configure:3566: gcc -v >&5
Using built-in specs.
COLLECT_GCC=gcc
COLLECT_LTO_WRAPPER=/usr/libexec/gcc/x86_64-redhat-linux/11/lto-wrapper
OFFLOAD_TARGET_NAMES=nvptx-none
OFFLOAD_TARGET_DEFAULT=1
Target: x86_64-redhat-linux
Configured with: ../configure --enable-bootstrap --enable-host-pie --enable-host-bind-now --enable-languages=c,c++,fortran,lto --prefix=/usr --mandir=/usr/share/man --infodir=/usr/share/info --with-bugurl=http://bugzilla.redhat.com/bugzilla --enable-shared --enable-threads=posix --enable-checking=release --with-system-zlib --enable-__cxa_atexit --disable-libunwind-exceptions --enable-gnu-unique-object --enable-linker-build-id --with-gcc-major-version-only --enable-plugin --enable-initfini-array --without-isl --enable-multilib --with-linker-hash-style=gnu --enable-offload-targets=nvptx-none --without-cuda-driver --enable-gnu-indirect-function --enable-cet --with-tune=generic --with-arch_64=x86-64-v2 --with-arch_32=x86-64 --build=x86_64-redhat-linux --with-build-config=bootstrap-lto --enable-link-serialization=1
Thread model: posix
Supported LTO compression algorithms: zlib zstd
gcc version 11.4.1 20231218 (Red Hat 11.4.1-3) (GCC) 
... rest of stderr output deleted ...
configure:3577: $? = 0
configure:3566: gcc -V >&5
gcc: error: unrecognized command-line option '-V'
gcc: fatal error: no input files
compilation terminated.
configure:3577: $? = 1
configure:3566: gcc -qversion >&5
gcc: error: unrecognized command-line option '-qversion'; did you mean '--version'?
gcc: fatal error: no input files
compilation terminated.
configure:3577: $? = 1
configure:3581: checking whether we are using the GNU C compiler
configure:3600: gcc -c   conftest.c >&5
configure:3600: $? = 0
configure:3609: result: yes
configure:3618: checking whether gcc accepts -g
configure:3638: gcc -c -g  conftest.c >&5
configure:3638: $? = 0
configure:3679: result: yes
configure:3696: checking for gcc option to accept ISO C89
configure:3759: gcc  -c -g -O2  conftest.c >&5
configure:3759: $? = 0
configure:3772: result: none needed
configure:3794: checking dependency style of gcc
configure:3904: result: gcc3
configure:3924: checking how to run the C preprocessor
configure:3955: gcc -E  conftest.c
configure:3955: $? = 0
configure:3969: gcc -E  conftest.c
conftest.c:11:10: fatal error: ac_nonexistent.h: No such file or directory
   11 | #include <ac_nonexistent.h>
      |          ^~~~~~~~~~~~~~~~~~
compilation terminated.
configure:3969: $? = 1
configure: failed program was:
| /* confdefs.h */
| #define PACKAGE_NAME "bin/PopLDdecay"
| #define PACKAGE_TARNAME "bin-poplddecay"
| #define PACKAGE_VERSION "3.31"
| #define PACKAGE_STRING "bin/PopLDdecay 3.31"
| #define PACKAGE_BUGREPORT "hewm2008@gmail.com"
| #define PACKAGE_URL ""
| #define PACKAGE "bin/PopLDdecay"
| #define VERSION "3.31"
| /* end confdefs.h.  */
| #include <ac_nonexistent.h>
configure:3994: result: gcc -E
configure:4014: gcc -E  conftest.c
configure:4014: $? = 0
configure:4028: gcc -E  conftest.c
conftest.c:11:10: fatal error: ac_nonexistent.h: No such file or directory
   11 | #include <ac_nonexistent.h>
      |          ^~~~~~~~~~~~~~~~~~
compilation terminated.
configure:4028: $? = 1
configure: failed program was:
| /* confdefs.h */
| #define PACKAGE_NAME "bin/PopLDdecay"
| #define PACKAGE_TARNAME "bin-poplddecay"
| #define PACKAGE_VERSION "3.31"
| #define PACKAGE_STRING "bin/PopLDdecay 3.31"
| #define PACKAGE_BUGREPORT "hewm2008@gmail.com"
| #define PACKAGE_URL ""
| #define PACKAGE "bin/PopLDdecay"
| #define VERSION "3.31"
| /* end confdefs.h.  */
| #include <ac_nonexistent.h>
configure:4056: checking whether ln -s works
configure:4060: result: yes
configure:4067: checking whether make sets $(MAKE)
configure:4089: result: yes
configure:4141: checking for ranlib
configure:4157: found /usr/bin/ranlib
configure:4168: result: ranlib
configure:4194: checking for main in -lz
configure:4213: gcc -o conftest -g -O2   conftest.c -lz   >&5
configure:4213: $? = 0
configure:4222: result: yes
configure:4241: checking for grep that handles long lines and -e
configure:4299: result: /usr/bin/grep
configure:4304: checking for egrep
configure:4366: result: /usr/bin/grep -E
configure:4371: checking for ANSI C header files
configure:4391: gcc -c -g -O2  conftest.c >&5
configure:4391: $? = 0
configure:4464: gcc -o conftest -g -O2   conftest.c -lz  >&5
configure:4464: $? = 0
configure:4464: ./conftest
configure:4464: $? = 0
configure:4475: result: yes
configure:4488: checking for sys/types.h
configure:4488: gcc -c -g -O2  conftest.c >&5
configure:4488: $? = 0
configure:4488: result: yes
configure:4488: checking for sys/stat.h
configure:4488: gcc -c -g -O2  conftest.c >&5
configure:4488: $? = 0
configure:4488: result: yes
configure:4488: checking for stdlib.h
configure:4488: gcc -c -g -O2  conftest.c >&5
configure:4488: $? = 0
configure:4488: result: yes
configure:4488: checking for string.h
configure:4488: gcc -c -g -O2  conftest.c >&5
configure:4488: $? = 0
configure:4488: result: yes
configure:4488: checking for memory.h
configure:4488: gcc -c -g -O2  conftest.c >&5
configure:4488: $? = 0
configure:4488: result: yes
configure:4488: checking for strings.h
configure:4488: gcc -c -g -O2  conftest.c >&5
configure:4488: $? = 0
configure:4488: result: yes
configure:4488: checking for inttypes.h
configure:4488: gcc -c -g -O2  conftest.c >&5
configure:4488: $? = 0
configure:4488: result: yes
configure:4488: checking for stdint.h
configure:4488: gcc -c -g -O2  conftest.c >&5
configure:4488: $? = 0
configure:4488: result: yes
configure:4488: checking for unistd.h
configure:4488: gcc -c -g -O2  conftest.c >&5
configure:4488: $? = 0
configure:4488: result: yes
configure:4502: checking zlib.h usability
configure:4502: gcc -c -g -O2  conftest.c >&5
configure:4502: $? = 0
configure:4502: result: yes
configure:4502: checking zlib.h presence
configure:4502: gcc -E  conftest.c
configure:4502: $? = 0
configure:4502: result: yes
configure:4502: checking for zlib.h
configure:4502: result: yes
configure:4516: checking math.h usability
configure:4516: gcc -c -g -O2  conftest.c >&5
configure:4516: $? = 0
configure:4516: result: yes
configure:4516: checking math.h presence
configure:4516: gcc -E  conftest.c
configure:4516: $? = 0
configure:4516: result: yes
configure:4516: checking for math.h
configure:4516: result: yes
configure:4544: checking for stdlib.h
configure:4544: result: yes
configure:4554: checking for GNU libc compatible malloc
configure:4578: gcc -o conftest -g -O2   conftest.c -lz  >&5
configure:4578: $? = 0
configure:4578: ./conftest
configure:4578: $? = 0
configure:4588: result: yes
configure:4611: checking for stdlib.h
configure:4611: result: yes
configure:4621: checking for GNU libc compatible realloc
configure:4645: gcc -o conftest -g -O2   conftest.c -lz  >&5
configure:4645: $? = 0
configure:4645: ./conftest
configure:4645: $? = 0
configure:4655: result: yes
configure:4679: checking for memset
configure:4679: gcc -o conftest -g -O2   conftest.c -lz  >&5
conftest.c:51:6: warning: conflicting types for built-in function 'memset'; expected 'void *(void *, int,  long unsigned int)' [-Wbuiltin-declaration-mismatch]
   51 | char memset ();
      |      ^~~~~~
conftest.c:39:1: note: 'memset' is declared in header '<string.h>'
   38 | # include <limits.h>
   39 | #else
configure:4679: $? = 0
configure:4679: result: yes
configure:4679: checking for regcomp
configure:4679: gcc -o conftest -g -O2   conftest.c -lz  >&5
configure:4679: $? = 0
configure:4679: result: yes
configure:4679: checking for sqrt
configure:4679: gcc -o conftest -g -O2   conftest.c -lz  >&5
conftest.c:53:6: warning: conflicting types for built-in function 'sqrt'; expected 'double(double)' [-Wbuiltin-declaration-mismatch]
   53 | char sqrt ();
      |      ^~~~
conftest.c:41:1: note: 'sqrt' is declared in header '<math.h>'
   40 | # include <limits.h>
   41 | #else
/usr/bin/ld: /tmp/ccW9fOJt.o: in function `main':
/home/heweiming/05.DeleSoft/PopLDdecay-3.43/conftest.c:64: undefined reference to `sqrt'
collect2: error: ld returned 1 exit status
configure:4679: $? = 1
configure: failed program was:
| /* confdefs.h */
| #define PACKAGE_NAME "bin/PopLDdecay"
| #define PACKAGE_TARNAME "bin-poplddecay"
| #define PACKAGE_VERSION "3.31"
| #define PACKAGE_STRING "bin/PopLDdecay 3.31"
| #define PACKAGE_BUGREPORT "hewm2008@gmail.com"
| #define PACKAGE_URL ""
| #define PACKAGE "bin/PopLDdecay"
| #define VERSION "3.31"
| #define HAVE_LIBZ 1
| #define STDC_HEADERS 1
| #define HAVE_SYS_TYPES_H 1
| #define HAVE_SYS_STAT_H 1
| #define HAVE_STDLIB_H 1
| #define HAVE_STRING_H 1
| #define HAVE_MEMORY_H 1
| #define HAVE_STRINGS_H 1
| #define HAVE_INTTYPES_H 1
| #define HAVE_STDINT_H 1
| #define HAVE_UNISTD_H 1
| #define HAVE_ZLIB_H 1
| #define HAVE_MATH_H 1
| #define HAVE_STDLIB_H 1
| #define HAVE_MALLOC 1
| #define HAVE_STDLIB_H 1
| #define HAVE_REALLOC 1
| #define HAVE_MEMSET 1
| #define HAVE_REGCOMP 1
| /* end confdefs.h.  */
| /* Define sqrt to an innocuous variant, in case <limits.h> declares sqrt.
|    For example, HP-UX 11i <limits.h> declares gettimeofday.  */
| #define sqrt innocuous_sqrt
| 
| /* System header to define __stub macros and hopefully few prototypes,
|     which can conflict with char sqrt (); below.
|     Prefer <limits.h> to <assert.h> if __STDC__ is defined, since
|     <limits.h> exists even on freestanding compilers.  */
| 
| #ifdef __STDC__
| # include <limits.h>
| #else
| # include <assert.h>
| #endif
| 
| #undef sqrt
| 
| /* Override any GCC internal prototype to avoid an error.
|    Use char because int might match the return type of a GCC
|    builtin and then its argument prototype would still apply.  */
| #ifdef __cplusplus
| extern "C"
| #endif
| char sqrt ();
| /* The GNU C library defines this for functions which it implements
|     to always fail with ENOSYS.  Some functions are actually named
|     something starting with __ and the normal name is an alias.  */
| #if defined __stub_sqrt || defined __stub___sqrt
| choke me
| #endif
| 
| int
| main ()
| {
| return sqrt ();
|   ;
|   return 0;
| }
configure:4679: result: no
configure:4679: checking for strdup
configure:4679: gcc -o conftest -g -O2   conftest.c -lz  >&5
conftest.c:53:6: warning: conflicting types for built-in function 'strdup'; expected 'char *(const char *)' [-Wbuiltin-declaration-mismatch]
   53 | char strdup ();
      |      ^~~~~~
configure:4679: $? = 0
configure:4679: result: yes
configure:4679: checking for strncasecmp
configure:4679: gcc -o conftest -g -O2   conftest.c -lz  >&5
conftest.c:54:6: warning: conflicting types for built-in function 'strncasecmp'; expected 'int(const char *, const char *, long unsigned int)' [-Wbuiltin-declaration-mismatch]
   54 | char strncasecmp ();
      |      ^~~~~~~~~~~
configure:4679: $? = 0
configure:4679: result: yes
configure:4679: checking for strtol
configure:4679: gcc -o conftest -g -O2   conftest.c -lz  >&5
configure:4679: $? = 0
configure:4679: result: yes
configure:4820: creating ./config.status

## ---------------- ##
## Cache variables. ##
## ---------------- ##

ac_cv_c_compiler_gnu=yes
ac_cv_cxx_compiler_gnu=yes
ac_cv_env_CCC_set=
ac_cv_env_CCC_value=
ac_cv_env_CC_set=
ac_cv_env_CC_value=
ac_cv_env_CFLAGS_set=
ac_cv_env_CFLAGS_value=
ac_cv_env_CPPFLAGS_set=
ac_cv_env_CPPFLAGS_value=
ac_cv_env_CPP_set=
ac_cv_env_CPP_value=
ac_cv_env_CXXFLAGS_set=
ac_cv_env_CXXFLAGS_value=
ac_cv_env_CXX_set=
ac_cv_env_CXX_value=
ac_cv_env_LDFLAGS_set=
ac_cv_env_LDFLAGS_value=
ac_cv_env_LIBS_set=
ac_cv_env_LIBS_value=
ac_cv_env_build_alias_set=
ac_cv_env_build_alias_value=
ac_cv_env_host_alias_set=
ac_cv_env_host_alias_value=
ac_cv_env_target_alias_set=
ac_cv_env_target_alias_value=
ac_cv_func_malloc_0_nonnull=yes
ac_cv_func_memset=yes
ac_cv_func_realloc_0_nonnull=yes
ac_cv_func_regcomp=yes
ac_cv_func_sqrt=no
ac_cv_func_strdup=yes
ac_cv_func_strncasecmp=yes
ac_cv_func_strtol=yes
ac_cv_header_inttypes_h=yes
ac_cv_header_math_h=yes
ac_cv_header_memory_h=yes
ac_cv_header_stdc=yes
ac_cv_header_stdint_h=yes
ac_cv_header_stdlib_h=yes
ac_cv_header_string_h=yes
ac_cv_header_strings_h=yes
ac_cv_header_sys_stat_h=yes
ac_cv_header_sys_types_h=yes
ac_cv_header_unistd_h=yes
ac_cv_header_zlib_h=yes
ac_cv_lib_z_main=yes
ac_cv_objext=o
ac_cv_path_EGREP='/usr/bin/grep -E'
ac_cv_path_GREP=/usr/bin/grep
ac_cv_path_install='/usr/bin/install -c'
ac_cv_path_mkdir=/usr/bin/mkdir
ac_cv_prog_AWK=gawk
ac_cv_prog_CPP='gcc -E'
ac_cv_prog_ac_ct_CC=gcc
ac_cv_prog_ac_ct_CXX=g++
ac_cv_prog_ac_ct_RANLIB=ranlib
ac_cv_prog_cc_c89=
ac_cv_prog_cc_g=yes
ac_cv_prog_cxx_g=yes
ac_cv_prog_make_make_set=yes
am_cv_CC_dependencies_compiler_type=gcc3
am_cv_CXX_dependencies_compiler_type=gcc3

## ----------------- ##
## Output variables. ##
## ----------------- ##

ACLOCAL='${SHELL} /home/heweiming/05.DeleSoft/PopLDdecay-3.43/missing --run aclocal-1.11'
AMDEPBACKSLASH='\'
AMDEP_FALSE='#'
AMDEP_TRUE=''
AMTAR='${SHELL} /home/heweiming/05.DeleSoft/PopLDdecay-3.43/missing --run tar'
AUTOCONF='${SHELL} /home/heweiming/05.DeleSoft/PopLDdecay-3.43/missing --run autoconf'
AUTOHEADER='${SHELL} /home/heweiming/05.DeleSoft/PopLDdecay-3.43/missing --run autoheader'
AUTOMAKE='${SHELL} /home/heweiming/05.DeleSoft/PopLDdecay-3.43/missing --run automake-1.11'
AWK='gawk'
CC='gcc'
CCDEPMODE='depmode=gcc3'
CFLAGS='-g -O2'
CPP='gcc -E'
CPPFLAGS=''
CXX='g++'
CXXDEPMODE='depmode=gcc3'
CXXFLAGS='-g -O2'
CYGPATH_W='echo'
DEFS='-DHAVE_CONFIG_H'
DEPDIR='.deps'
ECHO_C=''
ECHO_N='-n'
ECHO_T=''
EGREP='/usr/bin/grep -E'
EXEEXT=''
GREP='/usr/bin/grep'
INSTALL_DATA='${INSTALL} -m 644'
INSTALL_PROGRAM='${INSTALL}'
INSTALL_SCRIPT='${INSTALL}'
INSTALL_STRIP_PROGRAM='$(install_sh) -c -s'
LDFLAGS=''
LIBOBJS=''
LIBS='-lz '
LN_S='ln -s'
LTLIBOBJS=''
MAKEINFO='${SHELL} /home/heweiming/05.DeleSoft/PopLDdecay-3.43/missing --run makeinfo'
MKDIR_P='/usr/bin/mkdir -p'
OBJEXT='o'
PACKAGE='bin/PopLDdecay'
PACKAGE_BUGREPORT='hewm2008@gmail.com'
PACKAGE_NAME='bin/PopLDdecay'
PACKAGE_STRING='bin/PopLDdecay 3.31'
PACKAGE_TARNAME='bin-poplddecay'
PACKAGE_URL=''
PACKAGE_VERSION='3.31'
PATH_SEPARATOR=':'
RANLIB='ranlib'
SET_MAKE=''
SHELL='/bin/sh'
STRIP=''
VERSION='3.31'
ac_ct_CC='gcc'
ac_ct_CXX='g++'
am__EXEEXT_FALSE=''
am__EXEEXT_TRUE='#'
am__fastdepCC_FALSE='#'
am__fastdepCC_TRUE=''
am__fastdepCXX_FALSE='#'
am__fastdepCXX_TRUE=''
am__include='include'
am__isrc=''
am__leading_dot='.'
am__quote=''
am__tar='${AMTAR} chof - "$$tardir"'
am__untar='${AMTAR} xf -'
bindir='${exec_prefix}/bin'
build_alias=''
datadir='${datarootdir}'
datarootdir='${prefix}/share'
docdir='${datarootdir}/doc/${PACKAGE_TARNAME}'
dvidir='${docdir}'
exec_prefix='${prefix}'
host_alias=''
htmldir='${docdir}'
includedir='${prefix}/include'
infodir='${datarootdir}/info'
install_sh='${SHELL} /home/heweiming/05.DeleSoft/PopLDdecay-3.43/install-sh'
libdir='${exec_prefix}/lib'
libexecdir='${exec_prefix}/libexec'
localedir='${datarootdir}/locale'
localstatedir='${prefix}/var'
mandir='${datarootdir}/man'
mkdir_p='/usr/bin/mkdir -p'
oldincludedir='/usr/include'
pdfdir='${docdir}'
prefix='/usr/local'
program_transform_name='s,x,x,'
psdir='${docdir}'
runstatedir='${localstatedir}/run'
sbindir='${exec_prefix}/sbin'
sharedstatedir='${prefix}/com'
sysconfdir='${prefix}/etc'
target_alias=''

## ----------- ##
## confdefs.h. ##
## ----------- ##

/* confdefs.h */
#define PACKAGE_NAME "bin/PopLDdecay"
#define PACKAGE_TARNAME "bin-poplddecay"
#define PACKAGE_VERSION "3.31"
#define PACKAGE_STRING "bin/PopLDdecay 3.31"
#define PACKAGE_BUGREPORT "hewm2008@gmail.com"
#define PACKAGE_URL ""
#define PACKAGE "bin/PopLDdecay"
#define VERSION "3.31"
#define HAVE_LIBZ 1
#define STDC_HEADERS 1
#define HAVE_SYS_TYPES_H 1
#define HAVE_SYS_STAT_H 1
#define HAVE_STDLIB_H 1
#define HAVE_STRING_H 1
#define HAVE_MEMORY_H 1
#define HAVE_STRINGS_H 1
#define HAVE_INTTYPES_H 1
#define HAVE_STDINT_H 1
#define HAVE_UNISTD_H 1
#define HAVE_ZLIB_H 1
#define HAVE_MATH_H 1
#define HAVE_STDLIB_H 1
#define HAVE_MALLOC 1
#define HAVE_STDLIB_H 1
#define HAVE_REALLOC 1
#define HAVE_MEMSET 1
#define HAVE_REGCOMP 1
#define HAVE_STRDUP 1
#define HAVE_STRNCASECMP 1
#define HAVE_STRTOL 1

configure: exit 0

## ---------------------- ##
## Running config.status. ##
## ---------------------- ##

This file was extended by bin/PopLDdecay config.status 3.31, which was
generated by GNU Autoconf 2.69.  Invocation command line was

  CONFIG_FILES    = 
  CONFIG_HEADERS  = 
  CONFIG_LINKS    = 
  CONFIG_COMMANDS = 
  $ ./config.status 

on node1

config.status:868: creating Makefile
config.status:868: creating config.h
config.status:1049: config.h is unchanged
config.status:1097: executing depfiles commands

## ---------------------- ##
## Running config.status. ##
## ---------------------- ##

This file was extended by bin/PopLDdecay config.status 3.31, which was
generated by GNU Autoconf 2.69.  Invocation command line was

  CONFIG_FILES    = 
  CONFIG_HEADERS  = 
  CONFIG_LINKS    = 
  CONFIG_COMMANDS = 
  $ ./config.status config.h

on node1

config.status:868: creating config.h
config.status:1049: config.h is unchanged
